<?xml version="1.0" encoding="UTF-8"?>
<!-- Generated by org.testng.reporters.JUnitReportReporter -->
<testsuite hostname="DESKTOP-LNEMVF5" failures="0" tests="1" name="com.day7.NewTest" time="0.011" errors="0" timestamp="2023-04-27T11:16:48 IST" skipped="0">
  <testcase classname="com.day7.NewTest" name="f" time="0.011"/>
  <system-out/>
</testsuite> <!-- com.day7.NewTest -->
