<?xml version="1.0" encoding="UTF-8"?>
<!-- Generated by org.testng.reporters.JUnitReportReporter -->
<testsuite hostname="DESKTOP-LNEMVF5" failures="0" tests="2" name="com.day7.task4" time="22.212" errors="0" timestamp="2023-05-04T20:55:01 IST" skipped="0">
  <testcase classname="com.day7.task4" name="dotsuff" time="16.796"/>
  <system-out/>
  <testcase classname="com.day7.task4" name="distuff" time="5.416"/>
  <system-out/>
</testsuite> <!-- com.day7.task4 -->
