<?xml version="1.0" encoding="UTF-8"?>
<!-- Generated by org.testng.reporters.JUnitReportReporter -->
<testsuite hostname="DESKTOP-LNEMVF5" failures="0" tests="1" name="com.day7.task3" time="17.082" errors="0" timestamp="2023-05-04T20:52:44 IST" skipped="0">
  <testcase classname="com.day7.task3" name="openURL" time="17.082"/>
  <system-out/>
</testsuite> <!-- com.day7.task3 -->
