<?xml version="1.0" encoding="UTF-8"?>
<!-- Generated by org.testng.reporters.JUnitReportReporter -->
<testsuite hostname="DESKTOP-LNEMVF5" failures="0" tests="4" name="com.day7.task2" time="0.025" errors="0" timestamp="2023-05-04T20:48:25 IST" skipped="0">
  <testcase classname="com.day7.task2" name="add" time="0.015"/>
  <system-out/>
  <testcase classname="com.day7.task2" name="sub" time="0.003"/>
  <system-out/>
  <testcase classname="com.day7.task2" name="mul" time="0.003"/>
  <system-out/>
  <testcase classname="com.day7.task2" name="div" time="0.004"/>
  <system-out/>
</testsuite> <!-- com.day7.task2 -->
